[debug] [2021-12-05T08:18:34.789Z] ----------------------------------------------------------------------
[debug] [2021-12-05T08:18:34.790Z] Command:       /Users/yosuke_shibata/.nodebrew/node/v14.13.0/bin/node /Users/yosuke_shibata/.nodebrew/current/bin/firebase deploy --only functions
[debug] [2021-12-05T08:18:34.791Z] CLI Version:   9.22.0
[debug] [2021-12-05T08:18:34.791Z] Platform:      darwin
[debug] [2021-12-05T08:18:34.791Z] Node Version:  v14.13.0
[debug] [2021-12-05T08:18:34.792Z] Time:          Sun Dec 05 2021 17:18:34 GMT+0900 (日本標準時)
[debug] [2021-12-05T08:18:34.792Z] ----------------------------------------------------------------------
[debug] 
[debug] [2021-12-05T08:18:34.834Z] > command requires scopes: ["email","openid","https://www.googleapis.com/auth/cloudplatformprojects.readonly","https://www.googleapis.com/auth/firebase","https://www.googleapis.com/auth/cloud-platform"]
[debug] [2021-12-05T08:18:34.834Z] > authorizing via signed-in user (s.y.chocola2921@gmail.com)
[debug] [2021-12-05T08:18:34.835Z] [iam] checking project book-board-f3939 for permissions ["cloudfunctions.functions.create","cloudfunctions.functions.delete","cloudfunctions.functions.get","cloudfunctions.functions.list","cloudfunctions.functions.update","cloudfunctions.operations.get","firebase.projects.get"]
[debug] [2021-12-05T08:18:34.836Z] >>> HTTP REQUEST POST https://cloudresourcemanager.googleapis.com/v1/projects/book-board-f3939:testIamPermissions  
 {"permissions":["cloudfunctions.functions.create","cloudfunctions.functions.delete","cloudfunctions.functions.get","cloudfunctions.functions.list","cloudfunctions.functions.update","cloudfunctions.operations.get","firebase.projects.get"]}
[debug] [2021-12-05T08:18:35.558Z] <<< HTTP RESPONSE 200 {"content-type":"application/json; charset=UTF-8","vary":"X-Origin, Referer, Origin,Accept-Encoding","date":"Sun, 05 Dec 2021 08:18:35 GMT","server":"ESF","cache-control":"private","x-xss-protection":"0","x-frame-options":"SAMEORIGIN","x-content-type-options":"nosniff","server-timing":"gfet4t7; dur=629","alt-svc":"h3=\":443\"; ma=2592000,h3-29=\":443\"; ma=2592000,h3-Q050=\":443\"; ma=2592000,h3-Q046=\":443\"; ma=2592000,h3-Q043=\":443\"; ma=2592000,quic=\":443\"; ma=2592000; v=\"46,43\"","accept-ranges":"none","transfer-encoding":"chunked"}
[debug] [2021-12-05T08:18:35.560Z] >>> HTTP REQUEST POST https://iam.googleapis.com/v1/projects/book-board-f3939/serviceAccounts/book-board-f3939@appspot.gserviceaccount.com:testIamPermissions  
 {"permissions":["iam.serviceAccounts.actAs"]}
[debug] [2021-12-05T08:18:36.327Z] <<< HTTP RESPONSE 200 {"content-type":"application/json; charset=UTF-8","vary":"X-Origin, Referer, Origin,Accept-Encoding","date":"Sun, 05 Dec 2021 08:18:36 GMT","server":"ESF","cache-control":"private","x-xss-protection":"0","x-frame-options":"SAMEORIGIN","x-content-type-options":"nosniff","alt-svc":"h3=\":443\"; ma=2592000,h3-29=\":443\"; ma=2592000,h3-Q050=\":443\"; ma=2592000,h3-Q046=\":443\"; ma=2592000,h3-Q043=\":443\"; ma=2592000,quic=\":443\"; ma=2592000; v=\"46,43\"","accept-ranges":"none","transfer-encoding":"chunked"}
[info] 
[info] === Deploying to 'book-board-f3939'...
[info] 
[info] i  deploying functions 
[info] Running command: npm --prefix "$RESOURCE_DIR" run lint
[info] ✔  functions: Finished running predeploy script. 
[debug] [2021-12-05T08:18:37.143Z] Validating nodejs source
[warn] ⚠  functions: package.json indicates an outdated version of firebase-functions.
Please upgrade using npm install --save firebase-functions@latest in your functions directory. 
[debug] [2021-12-05T08:18:38.186Z] > [functions] package.json contents: {
  "name": "functions",
  "description": "Cloud Functions for Firebase",
  "scripts": {
    "lint": "eslint .",
    "serve": "firebase emulators:start --only functions",
    "shell": "firebase functions:shell",
    "start": "npm run shell",
    "deploy": "firebase deploy --only functions",
    "logs": "firebase functions:log"
  },
  "engines": {
    "node": "14"
  },
  "main": "index.js",
  "dependencies": {
    "firebase-admin": "^9.8.0",
    "firebase-functions": "^3.14.1"
  },
  "devDependencies": {
    "eslint": "^7.6.0",
    "eslint-config-google": "^0.14.0",
    "firebase-functions-test": "^0.2.0"
  },
  "private": true
}
[debug] [2021-12-05T08:18:38.186Z] Building nodejs source
[info] i  functions: ensuring required API cloudfunctions.googleapis.com is enabled... 
[info] i  functions: ensuring required API cloudbuild.googleapis.com is enabled... 
[debug] [2021-12-05T08:18:38.187Z] >>> HTTP REQUEST GET https://serviceusage.googleapis.com/v1/projects/book-board-f3939/services/cloudfunctions.googleapis.com  
 
[debug] [2021-12-05T08:18:38.188Z] >>> HTTP REQUEST GET https://serviceusage.googleapis.com/v1/projects/book-board-f3939/services/runtimeconfig.googleapis.com  
 
[debug] [2021-12-05T08:18:38.188Z] >>> HTTP REQUEST GET https://serviceusage.googleapis.com/v1/projects/book-board-f3939/services/cloudbuild.googleapis.com  
 
[debug] [2021-12-05T08:18:39.255Z] <<< HTTP RESPONSE 200 {"content-type":"application/json; charset=UTF-8","vary":"X-Origin, Referer, Origin,Accept-Encoding","date":"Sun, 05 Dec 2021 08:18:39 GMT","server":"ESF","cache-control":"private","x-xss-protection":"0","x-frame-options":"SAMEORIGIN","x-content-type-options":"nosniff","alt-svc":"h3=\":443\"; ma=2592000,h3-29=\":443\"; ma=2592000,h3-Q050=\":443\"; ma=2592000,h3-Q046=\":443\"; ma=2592000,h3-Q043=\":443\"; ma=2592000,quic=\":443\"; ma=2592000; v=\"46,43\"","accept-ranges":"none","transfer-encoding":"chunked"}
[debug] [2021-12-05T08:18:39.270Z] <<< HTTP RESPONSE 200 {"content-type":"application/json; charset=UTF-8","vary":"X-Origin, Referer, Origin,Accept-Encoding","date":"Sun, 05 Dec 2021 08:18:39 GMT","server":"ESF","cache-control":"private","x-xss-protection":"0","x-frame-options":"SAMEORIGIN","x-content-type-options":"nosniff","alt-svc":"h3=\":443\"; ma=2592000,h3-29=\":443\"; ma=2592000,h3-Q050=\":443\"; ma=2592000,h3-Q046=\":443\"; ma=2592000,h3-Q043=\":443\"; ma=2592000,quic=\":443\"; ma=2592000; v=\"46,43\"","accept-ranges":"none","transfer-encoding":"chunked"}
[info] ✔  functions: required API cloudfunctions.googleapis.com is enabled 
[debug] [2021-12-05T08:18:39.291Z] <<< HTTP RESPONSE 200 {"content-type":"application/json; charset=UTF-8","vary":"X-Origin, Referer, Origin,Accept-Encoding","date":"Sun, 05 Dec 2021 08:18:39 GMT","server":"ESF","cache-control":"private","x-xss-protection":"0","x-frame-options":"SAMEORIGIN","x-content-type-options":"nosniff","alt-svc":"h3=\":443\"; ma=2592000,h3-29=\":443\"; ma=2592000,h3-Q050=\":443\"; ma=2592000,h3-Q046=\":443\"; ma=2592000,h3-Q043=\":443\"; ma=2592000,quic=\":443\"; ma=2592000; v=\"46,43\"","accept-ranges":"none","transfer-encoding":"chunked"}
[info] ✔  functions: required API cloudbuild.googleapis.com is enabled 
[debug] [2021-12-05T08:18:39.292Z] >>> HTTP REQUEST GET https://firebase.googleapis.com/v1beta1/projects/book-board-f3939/adminSdkConfig  
 
[debug] [2021-12-05T08:18:39.955Z] <<< HTTP RESPONSE 200 {"content-type":"application/json; charset=UTF-8","vary":"X-Origin, Referer, Origin,Accept-Encoding","date":"Sun, 05 Dec 2021 08:18:39 GMT","server":"ESF","cache-control":"private","x-xss-protection":"0","x-frame-options":"SAMEORIGIN","x-content-type-options":"nosniff","alt-svc":"h3=\":443\"; ma=2592000,h3-29=\":443\"; ma=2592000,h3-Q050=\":443\"; ma=2592000,h3-Q046=\":443\"; ma=2592000,h3-Q043=\":443\"; ma=2592000,quic=\":443\"; ma=2592000; v=\"46,43\"","accept-ranges":"none","transfer-encoding":"chunked"}
[debug] [2021-12-05T08:18:39.956Z] >>> HTTP REQUEST GET https://runtimeconfig.googleapis.com/v1beta1/projects/book-board-f3939/configs  
 
[debug] [2021-12-05T08:18:40.328Z] <<< HTTP RESPONSE 200 {"content-type":"application/json; charset=UTF-8","vary":"X-Origin, Referer, Origin,Accept-Encoding","date":"Sun, 05 Dec 2021 08:18:40 GMT","server":"ESF","cache-control":"private","x-xss-protection":"0","x-frame-options":"SAMEORIGIN","x-content-type-options":"nosniff","alt-svc":"h3=\":443\"; ma=2592000,h3-29=\":443\"; ma=2592000,h3-Q050=\":443\"; ma=2592000,h3-Q046=\":443\"; ma=2592000,h3-Q043=\":443\"; ma=2592000,quic=\":443\"; ma=2592000; v=\"46,43\"","accept-ranges":"none","transfer-encoding":"chunked"}
[debug] [2021-12-05T08:18:40.445Z] Analyzing nodejs backend spec
[info] i  functions: preparing functions directory for uploading... 
[info] i  functions: packaged functions (72.04 KB) for uploading 
[debug] [2021-12-05T08:18:40.704Z] >>> HTTP REQUEST GET https://cloudfunctions.googleapis.com/v1/projects/book-board-f3939/locations/-/functions  
 
[debug] [2021-12-05T08:18:42.378Z] <<< HTTP RESPONSE 200 {"content-type":"application/json; charset=UTF-8","vary":"X-Origin, Referer, Origin,Accept-Encoding","date":"Sun, 05 Dec 2021 08:18:42 GMT","server":"ESF","cache-control":"private","x-xss-protection":"0","x-frame-options":"SAMEORIGIN","x-content-type-options":"nosniff","alt-svc":"h3=\":443\"; ma=2592000,h3-29=\":443\"; ma=2592000,h3-Q050=\":443\"; ma=2592000,h3-Q046=\":443\"; ma=2592000,h3-Q043=\":443\"; ma=2592000,quic=\":443\"; ma=2592000; v=\"46,43\"","accept-ranges":"none","transfer-encoding":"chunked"}
[debug] [2021-12-05T08:18:42.382Z] >>> HTTP REQUEST POST https://cloudfunctions.googleapis.com/v1/projects/book-board-f3939/locations/us-central1/functions:generateUploadUrl  
 
[debug] [2021-12-05T08:18:43.227Z] <<< HTTP RESPONSE 200 {"content-type":"application/json; charset=UTF-8","vary":"X-Origin, Referer, Origin,Accept-Encoding","date":"Sun, 05 Dec 2021 08:18:43 GMT","server":"ESF","cache-control":"private","x-xss-protection":"0","x-frame-options":"SAMEORIGIN","x-content-type-options":"nosniff","alt-svc":"h3=\":443\"; ma=2592000,h3-29=\":443\"; ma=2592000,h3-Q050=\":443\"; ma=2592000,h3-Q046=\":443\"; ma=2592000,h3-Q043=\":443\"; ma=2592000,quic=\":443\"; ma=2592000; v=\"46,43\"","accept-ranges":"none","transfer-encoding":"chunked"}
[debug] [2021-12-05T08:18:43.230Z] >>> HTTP REQUEST PUT https://storage.googleapis.com/gcf-upload-us-central1-9e2f9ece-f9e4-48a7-90a5-471fb3405fad/83514aeb-0784-4deb-b06f-737796d32ec9.zip?GoogleAccessId=service-41115291592@gcf-admin-robot.iam.gserviceaccount.com&Expires=1638694123&Signature=Z%2Bl9mgfb2gZqJdIpcKGiXCKcWdybuoWu0cM3nOzdtfSebTy1Rb0Qr%2BL2eakDBE6GNiWjRiots6C5vtLXLljiJ85D3Sho%2Ba5l5Yf1TrWSkzvwJyZQJw%2BkBFzqwI8w4jhqJjPNk9kIuU0dCP0XcB%2BYzuq27%2FkiEoQR4acdcJKgTwKQMMlqmR3pGEzoBs4l9zAzIAwwJzVV%2FE6QFIgsIQItkYMj4cXVSUUe1xiuFL5RqnsorjB2fcN3iWjD%2BVn90FnaWW8%2Bz1VOeHQ%2B%2B6pW48d6LKZqn9qIgRgJC1yMd%2F3nBRQqW%2FKdZCPz%2BcGNi7R7FGsCQ7%2FjFtJFoh4LRWl5t%2BRiXA%3D%3D  
 <request body omitted>
[debug] [2021-12-05T08:18:43.651Z] <<< HTTP RESPONSE 200 {"x-guploader-uploadid":"ADPycdsHaT2djZyQ_8043NWH0nD2oUPQUwWrtkj-ZpjfxGHHsLmzwIi0DAZJ5C4DRB7Ni3YMasQ11l7V671vitX11v88aUuvaQ","etag":"\"abbec8fbb68b196a65e4f6dc613685ed\"","x-goog-generation":"1638692323619265","x-goog-metageneration":"1","x-goog-hash":"crc32c=T1S6uA==, md5=q77I+7aLGWpl5PbcYTaF7Q==","x-goog-stored-content-length":"73766","x-goog-stored-content-encoding":"identity","vary":"Origin","content-length":"0","date":"Sun, 05 Dec 2021 08:18:43 GMT","server":"UploadServer","content-type":"text/html; charset=UTF-8","alt-svc":"h3=\":443\"; ma=2592000,h3-29=\":443\"; ma=2592000,h3-Q050=\":443\"; ma=2592000,h3-Q046=\":443\"; ma=2592000,h3-Q043=\":443\"; ma=2592000,quic=\":443\"; ma=2592000; v=\"46,43\""}
[info] ✔  functions: functions folder uploaded successfully 
[info] 
The following functions are found in your project but do not exist in your local source code:
	hello(us-central1)

If you are renaming a function or changing its region, it is recommended that you create the new function first before deleting the old one to prevent event loss. For more info, visit https://firebase.google.com/docs/functions/manage-functions#modify

[info] i  functions: creating Node.js 14 function splitWord(us-central1)... 
[info] i  functions: updating Node.js 14 function countArticlesUsers(us-central1)... 
[debug] [2021-12-05T08:19:03.000Z] >>> HTTP REQUEST POST https://cloudfunctions.googleapis.com/v1/projects/book-board-f3939/locations/us-central1/functions  
 {"name":"projects/book-board-f3939/locations/us-central1/functions/splitWord","sourceUploadUrl":"https://storage.googleapis.com/gcf-upload-us-central1-9e2f9ece-f9e4-48a7-90a5-471fb3405fad/83514aeb-0784-4deb-b06f-737796d32ec9.zip?GoogleAccessId=service-41115291592@gcf-admin-robot.iam.gserviceaccount.com&Expires=1638694123&Signature=Z%2Bl9mgfb2gZqJdIpcKGiXCKcWdybuoWu0cM3nOzdtfSebTy1Rb0Qr%2BL2eakDBE6GNiWjRiots6C5vtLXLljiJ85D3Sho%2Ba5l5Yf1TrWSkzvwJyZQJw%2BkBFzqwI8w4jhqJjPNk9kIuU0dCP0XcB%2BYzuq27%2FkiEoQR4acdcJKgTwKQMMlqmR3pGEzoBs4l9zAzIAwwJzVV%2FE6QFIgsIQItkYMj4cXVSUUe1xiuFL5RqnsorjB2fcN3iWjD%2BVn90FnaWW8%2Bz1VOeHQ%2B%2B6pW48d6LKZqn9qIgRgJC1yMd%2F3nBRQqW%2FKdZCPz%2BcGNi7R7FGsCQ7%2FjFtJFoh4LRWl5t%2BRiXA%3D%3D","entryPoint":"splitWord","runtime":"nodejs14","labels":{"deployment-tool":"cli-firebase"},"eventTrigger":{"eventType":"providers/cloud.firestore/eventTypes/document.write","resource":"projects/book-board-f3939/databases/(default)/documents/version/1/articles/{articleId}"},"environmentVariables":{"FIREBASE_CONFIG":"{\"projectId\":\"book-board-f3939\",\"storageBucket\":\"book-board-f3939.appspot.com\",\"locationId\":\"asia-northeast1\"}","GCLOUD_PROJECT":"book-board-f3939"}}
[debug] [2021-12-05T08:19:03.610Z] <<< HTTP RESPONSE 200 {"content-type":"application/json; charset=UTF-8","vary":"X-Origin, Referer, Origin,Accept-Encoding","date":"Sun, 05 Dec 2021 08:19:03 GMT","server":"ESF","cache-control":"private","x-xss-protection":"0","x-frame-options":"SAMEORIGIN","x-content-type-options":"nosniff","alt-svc":"h3=\":443\"; ma=2592000,h3-29=\":443\"; ma=2592000,h3-Q050=\":443\"; ma=2592000,h3-Q046=\":443\"; ma=2592000,h3-Q043=\":443\"; ma=2592000,quic=\":443\"; ma=2592000; v=\"46,43\"","accept-ranges":"none","transfer-encoding":"chunked"}
[debug] [2021-12-05T08:19:03.613Z] > refreshing access token with scopes: []
[debug] [2021-12-05T08:19:03.613Z] >>> HTTP REQUEST POST https://www.googleapis.com/oauth2/v3/token  
 <request body omitted>
[debug] [2021-12-05T08:19:03.750Z] <<< HTTP RESPONSE 200 {"pragma":"no-cache","date":"Sun, 05 Dec 2021 08:19:03 GMT","cache-control":"no-cache, no-store, max-age=0, must-revalidate","expires":"Mon, 01 Jan 1990 00:00:00 GMT","content-type":"application/json; charset=utf-8","vary":"X-Origin, Referer, Origin,Accept-Encoding","server":"scaffolding on HTTPServer2","x-xss-protection":"0","x-frame-options":"SAMEORIGIN","x-content-type-options":"nosniff","alt-svc":"h3=\":443\"; ma=2592000,h3-29=\":443\"; ma=2592000,h3-Q050=\":443\"; ma=2592000,h3-Q046=\":443\"; ma=2592000,h3-Q043=\":443\"; ma=2592000,quic=\":443\"; ma=2592000; v=\"46,43\"","accept-ranges":"none","transfer-encoding":"chunked"}
[debug] [2021-12-05T08:19:03.801Z] >>> [apiv2][query] GET https://cloudfunctions.googleapis.com/v1/operations/Ym9vay1ib2FyZC1mMzkzOS91cy1jZW50cmFsMS9zcGxpdFdvcmQvSUFNYUZmZUpYbEk [none]
[debug] [2021-12-05T08:19:04.369Z] <<< [apiv2][status] GET https://cloudfunctions.googleapis.com/v1/operations/Ym9vay1ib2FyZC1mMzkzOS91cy1jZW50cmFsMS9zcGxpdFdvcmQvSUFNYUZmZUpYbEk 200
[debug] [2021-12-05T08:19:04.369Z] <<< [apiv2][body] GET https://cloudfunctions.googleapis.com/v1/operations/Ym9vay1ib2FyZC1mMzkzOS91cy1jZW50cmFsMS9zcGxpdFdvcmQvSUFNYUZmZUpYbEk {"name":"operations/Ym9vay1ib2FyZC1mMzkzOS91cy1jZW50cmFsMS9zcGxpdFdvcmQvSUFNYUZmZUpYbEk","metadata":{"@type":"type.googleapis.com/google.cloud.functions.v1.OperationMetadataV1","target":"projects/book-board-f3939/locations/us-central1/functions/splitWord","type":"CREATE_FUNCTION","request":{"@type":"type.googleapis.com/google.cloud.functions.v1.CloudFunction","name":"projects/book-board-f3939/locations/us-central1/functions/splitWord","eventTrigger":{"eventType":"providers/cloud.firestore/eventTypes/document.write","resource":"projects/book-board-f3939/databases/(default)/documents/version/1/articles/{articleId}"},"entryPoint":"splitWord","labels":{"deployment-tool":"cli-firebase"},"sourceUploadUrl":"https://storage.googleapis.com/gcf-upload-us-central1-9e2f9ece-f9e4-48a7-90a5-471fb3405fad/83514aeb-0784-4deb-b06f-737796d32ec9.zip?GoogleAccessId=service-41115291592@gcf-admin-robot.iam.gserviceaccount.com&Expires=1638694123&Signature=Z%2Bl9mgfb2gZqJdIpcKGiXCKcWdybuoWu0cM3nOzdtfSebTy1Rb0Qr%2BL2eakDBE6GNiWjRiots6C5vtLXLljiJ85D3Sho%2Ba5l5Yf1TrWSkzvwJyZQJw%2BkBFzqwI8w4jhqJjPNk9kIuU0dCP0XcB%2BYzuq27%2FkiEoQR4acdcJKgTwKQMMlqmR3pGEzoBs4l9zAzIAwwJzVV%2FE6QFIgsIQItkYMj4cXVSUUe1xiuFL5RqnsorjB2fcN3iWjD%2BVn90FnaWW8%2Bz1VOeHQ%2B%2B6pW48d6LKZqn9qIgRgJC1yMd%2F3nBRQqW%2FKdZCPz%2BcGNi7R7FGsCQ7%2FjFtJFoh4LRWl5t%2BRiXA%3D%3D","environmentVariables":{"FIREBASE_CONFIG":"{\"projectId\":\"book-board-f3939\",\"storageBucket\":\"book-board-f3939.appspot.com\",\"locationId\":\"asia-northeast1\"}","GCLOUD_PROJECT":"book-board-f3939"},"runtime":"nodejs14"},"versionId":"1","updateTime":"2021-12-05T08:19:03Z","buildId":"35da4fad-0dc1-4058-8c87-122c1ce311a0","buildName":"projects/41115291592/locations/us-central1/builds/35da4fad-0dc1-4058-8c87-122c1ce311a0"}}
[debug] [2021-12-05T08:19:04.876Z] [create-us-central1-splitWord] Retrying task index 0
[debug] [2021-12-05T08:19:04.876Z] >>> [apiv2][query] GET https://cloudfunctions.googleapis.com/v1/operations/Ym9vay1ib2FyZC1mMzkzOS91cy1jZW50cmFsMS9zcGxpdFdvcmQvSUFNYUZmZUpYbEk [none]
[debug] [2021-12-05T08:19:05.270Z] <<< [apiv2][status] GET https://cloudfunctions.googleapis.com/v1/operations/Ym9vay1ib2FyZC1mMzkzOS91cy1jZW50cmFsMS9zcGxpdFdvcmQvSUFNYUZmZUpYbEk 200
[debug] [2021-12-05T08:19:05.270Z] <<< [apiv2][body] GET https://cloudfunctions.googleapis.com/v1/operations/Ym9vay1ib2FyZC1mMzkzOS91cy1jZW50cmFsMS9zcGxpdFdvcmQvSUFNYUZmZUpYbEk {"name":"operations/Ym9vay1ib2FyZC1mMzkzOS91cy1jZW50cmFsMS9zcGxpdFdvcmQvSUFNYUZmZUpYbEk","metadata":{"@type":"type.googleapis.com/google.cloud.functions.v1.OperationMetadataV1","target":"projects/book-board-f3939/locations/us-central1/functions/splitWord","type":"CREATE_FUNCTION","request":{"@type":"type.googleapis.com/google.cloud.functions.v1.CloudFunction","name":"projects/book-board-f3939/locations/us-central1/functions/splitWord","eventTrigger":{"eventType":"providers/cloud.firestore/eventTypes/document.write","resource":"projects/book-board-f3939/databases/(default)/documents/version/1/articles/{articleId}"},"entryPoint":"splitWord","labels":{"deployment-tool":"cli-firebase"},"sourceUploadUrl":"https://storage.googleapis.com/gcf-upload-us-central1-9e2f9ece-f9e4-48a7-90a5-471fb3405fad/83514aeb-0784-4deb-b06f-737796d32ec9.zip?GoogleAccessId=service-41115291592@gcf-admin-robot.iam.gserviceaccount.com&Expires=1638694123&Signature=Z%2Bl9mgfb2gZqJdIpcKGiXCKcWdybuoWu0cM3nOzdtfSebTy1Rb0Qr%2BL2eakDBE6GNiWjRiots6C5vtLXLljiJ85D3Sho%2Ba5l5Yf1TrWSkzvwJyZQJw%2BkBFzqwI8w4jhqJjPNk9kIuU0dCP0XcB%2BYzuq27%2FkiEoQR4acdcJKgTwKQMMlqmR3pGEzoBs4l9zAzIAwwJzVV%2FE6QFIgsIQItkYMj4cXVSUUe1xiuFL5RqnsorjB2fcN3iWjD%2BVn90FnaWW8%2Bz1VOeHQ%2B%2B6pW48d6LKZqn9qIgRgJC1yMd%2F3nBRQqW%2FKdZCPz%2BcGNi7R7FGsCQ7%2FjFtJFoh4LRWl5t%2BRiXA%3D%3D","environmentVariables":{"FIREBASE_CONFIG":"{\"projectId\":\"book-board-f3939\",\"storageBucket\":\"book-board-f3939.appspot.com\",\"locationId\":\"asia-northeast1\"}","GCLOUD_PROJECT":"book-board-f3939"},"runtime":"nodejs14"},"versionId":"1","updateTime":"2021-12-05T08:19:03Z","buildId":"35da4fad-0dc1-4058-8c87-122c1ce311a0","buildName":"projects/41115291592/locations/us-central1/builds/35da4fad-0dc1-4058-8c87-122c1ce311a0"}}
[debug] [2021-12-05T08:19:06.272Z] [create-us-central1-splitWord] Retrying task index 0
[debug] [2021-12-05T08:19:06.272Z] >>> [apiv2][query] GET https://cloudfunctions.googleapis.com/v1/operations/Ym9vay1ib2FyZC1mMzkzOS91cy1jZW50cmFsMS9zcGxpdFdvcmQvSUFNYUZmZUpYbEk [none]
[debug] [2021-12-05T08:19:06.801Z] <<< [apiv2][status] GET https://cloudfunctions.googleapis.com/v1/operations/Ym9vay1ib2FyZC1mMzkzOS91cy1jZW50cmFsMS9zcGxpdFdvcmQvSUFNYUZmZUpYbEk 200
[debug] [2021-12-05T08:19:06.802Z] <<< [apiv2][body] GET https://cloudfunctions.googleapis.com/v1/operations/Ym9vay1ib2FyZC1mMzkzOS91cy1jZW50cmFsMS9zcGxpdFdvcmQvSUFNYUZmZUpYbEk {"name":"operations/Ym9vay1ib2FyZC1mMzkzOS91cy1jZW50cmFsMS9zcGxpdFdvcmQvSUFNYUZmZUpYbEk","metadata":{"@type":"type.googleapis.com/google.cloud.functions.v1.OperationMetadataV1","target":"projects/book-board-f3939/locations/us-central1/functions/splitWord","type":"CREATE_FUNCTION","request":{"@type":"type.googleapis.com/google.cloud.functions.v1.CloudFunction","name":"projects/book-board-f3939/locations/us-central1/functions/splitWord","eventTrigger":{"eventType":"providers/cloud.firestore/eventTypes/document.write","resource":"projects/book-board-f3939/databases/(default)/documents/version/1/articles/{articleId}"},"entryPoint":"splitWord","labels":{"deployment-tool":"cli-firebase"},"sourceUploadUrl":"https://storage.googleapis.com/gcf-upload-us-central1-9e2f9ece-f9e4-48a7-90a5-471fb3405fad/83514aeb-0784-4deb-b06f-737796d32ec9.zip?GoogleAccessId=service-41115291592@gcf-admin-robot.iam.gserviceaccount.com&Expires=1638694123&Signature=Z%2Bl9mgfb2gZqJdIpcKGiXCKcWdybuoWu0cM3nOzdtfSebTy1Rb0Qr%2BL2eakDBE6GNiWjRiots6C5vtLXLljiJ85D3Sho%2Ba5l5Yf1TrWSkzvwJyZQJw%2BkBFzqwI8w4jhqJjPNk9kIuU0dCP0XcB%2BYzuq27%2FkiEoQR4acdcJKgTwKQMMlqmR3pGEzoBs4l9zAzIAwwJzVV%2FE6QFIgsIQItkYMj4cXVSUUe1xiuFL5RqnsorjB2fcN3iWjD%2BVn90FnaWW8%2Bz1VOeHQ%2B%2B6pW48d6LKZqn9qIgRgJC1yMd%2F3nBRQqW%2FKdZCPz%2BcGNi7R7FGsCQ7%2FjFtJFoh4LRWl5t%2BRiXA%3D%3D","environmentVariables":{"FIREBASE_CONFIG":"{\"projectId\":\"book-board-f3939\",\"storageBucket\":\"book-board-f3939.appspot.com\",\"locationId\":\"asia-northeast1\"}","GCLOUD_PROJECT":"book-board-f3939"},"runtime":"nodejs14"},"versionId":"1","updateTime":"2021-12-05T08:19:03Z","buildId":"35da4fad-0dc1-4058-8c87-122c1ce311a0","buildName":"projects/41115291592/locations/us-central1/builds/35da4fad-0dc1-4058-8c87-122c1ce311a0"}}
[debug] [2021-12-05T08:19:08.807Z] [create-us-central1-splitWord] Retrying task index 0
[debug] [2021-12-05T08:19:08.808Z] >>> [apiv2][query] GET https://cloudfunctions.googleapis.com/v1/operations/Ym9vay1ib2FyZC1mMzkzOS91cy1jZW50cmFsMS9zcGxpdFdvcmQvSUFNYUZmZUpYbEk [none]
[debug] [2021-12-05T08:19:09.185Z] <<< [apiv2][status] GET https://cloudfunctions.googleapis.com/v1/operations/Ym9vay1ib2FyZC1mMzkzOS91cy1jZW50cmFsMS9zcGxpdFdvcmQvSUFNYUZmZUpYbEk 200
[debug] [2021-12-05T08:19:09.185Z] <<< [apiv2][body] GET https://cloudfunctions.googleapis.com/v1/operations/Ym9vay1ib2FyZC1mMzkzOS91cy1jZW50cmFsMS9zcGxpdFdvcmQvSUFNYUZmZUpYbEk {"name":"operations/Ym9vay1ib2FyZC1mMzkzOS91cy1jZW50cmFsMS9zcGxpdFdvcmQvSUFNYUZmZUpYbEk","metadata":{"@type":"type.googleapis.com/google.cloud.functions.v1.OperationMetadataV1","target":"projects/book-board-f3939/locations/us-central1/functions/splitWord","type":"CREATE_FUNCTION","request":{"@type":"type.googleapis.com/google.cloud.functions.v1.CloudFunction","name":"projects/book-board-f3939/locations/us-central1/functions/splitWord","eventTrigger":{"eventType":"providers/cloud.firestore/eventTypes/document.write","resource":"projects/book-board-f3939/databases/(default)/documents/version/1/articles/{articleId}"},"entryPoint":"splitWord","labels":{"deployment-tool":"cli-firebase"},"sourceUploadUrl":"https://storage.googleapis.com/gcf-upload-us-central1-9e2f9ece-f9e4-48a7-90a5-471fb3405fad/83514aeb-0784-4deb-b06f-737796d32ec9.zip?GoogleAccessId=service-41115291592@gcf-admin-robot.iam.gserviceaccount.com&Expires=1638694123&Signature=Z%2Bl9mgfb2gZqJdIpcKGiXCKcWdybuoWu0cM3nOzdtfSebTy1Rb0Qr%2BL2eakDBE6GNiWjRiots6C5vtLXLljiJ85D3Sho%2Ba5l5Yf1TrWSkzvwJyZQJw%2BkBFzqwI8w4jhqJjPNk9kIuU0dCP0XcB%2BYzuq27%2FkiEoQR4acdcJKgTwKQMMlqmR3pGEzoBs4l9zAzIAwwJzVV%2FE6QFIgsIQItkYMj4cXVSUUe1xiuFL5RqnsorjB2fcN3iWjD%2BVn90FnaWW8%2Bz1VOeHQ%2B%2B6pW48d6LKZqn9qIgRgJC1yMd%2F3nBRQqW%2FKdZCPz%2BcGNi7R7FGsCQ7%2FjFtJFoh4LRWl5t%2BRiXA%3D%3D","environmentVariables":{"FIREBASE_CONFIG":"{\"projectId\":\"book-board-f3939\",\"storageBucket\":\"book-board-f3939.appspot.com\",\"locationId\":\"asia-northeast1\"}","GCLOUD_PROJECT":"book-board-f3939"},"runtime":"nodejs14"},"versionId":"1","updateTime":"2021-12-05T08:19:03Z","buildId":"35da4fad-0dc1-4058-8c87-122c1ce311a0","buildName":"projects/41115291592/locations/us-central1/builds/35da4fad-0dc1-4058-8c87-122c1ce311a0"}}
[debug] [2021-12-05T08:19:13.190Z] [create-us-central1-splitWord] Retrying task index 0
[debug] [2021-12-05T08:19:13.191Z] >>> [apiv2][query] GET https://cloudfunctions.googleapis.com/v1/operations/Ym9vay1ib2FyZC1mMzkzOS91cy1jZW50cmFsMS9zcGxpdFdvcmQvSUFNYUZmZUpYbEk [none]
